2024-06-01 13:51:56,324 - INFO - Training logs for autoencoder on scapper dataset
2024-06-01 13:51:56,324 - INFO - Batch Size:50
 Epochs:150
2024-06-01 13:52:44,851 - INFO - Training logs for autoencoder on scapper dataset
2024-06-01 13:52:44,852 - INFO - Batch Size:50
 Epochs:150
2024-06-01 13:52:49,667 - INFO - Epoch [1/150], Loss: 39.2175
2024-06-01 13:52:50,223 - INFO - Epoch [2/150], Loss: 22.1857
2024-06-01 13:52:51,945 - INFO - Epoch [3/150], Loss: 17.3236
2024-06-01 13:52:53,642 - INFO - Epoch [4/150], Loss: 16.3174
2024-06-01 13:52:55,492 - INFO - Epoch [5/150], Loss: 12.7747
2024-06-01 13:52:57,156 - INFO - Epoch [6/150], Loss: 12.4634
2024-06-01 13:52:57,666 - INFO - Epoch [7/150], Loss: 11.1997
2024-06-01 13:52:58,067 - INFO - Epoch [8/150], Loss: 10.8175
2024-06-01 13:52:58,967 - INFO - Epoch [9/150], Loss: 9.5549
2024-06-01 13:53:00,979 - INFO - Epoch [10/150], Loss: 8.4328
2024-06-01 13:53:01,943 - INFO - Epoch [11/150], Loss: 8.3400
2024-06-01 13:53:02,346 - INFO - Epoch [12/150], Loss: 8.0408
2024-06-01 13:53:02,752 - INFO - Epoch [13/150], Loss: 8.3924
2024-06-01 13:53:03,158 - INFO - Epoch [14/150], Loss: 7.4749
2024-06-01 13:53:04,786 - INFO - Epoch [15/150], Loss: 7.4308
2024-06-01 13:53:06,193 - INFO - Epoch [16/150], Loss: 7.3618
2024-06-01 13:53:06,605 - INFO - Epoch [17/150], Loss: 7.2411
2024-06-01 13:53:07,010 - INFO - Epoch [18/150], Loss: 9.1321
2024-06-01 13:53:07,417 - INFO - Epoch [19/150], Loss: 6.9042
2024-06-01 13:53:07,823 - INFO - Epoch [20/150], Loss: 7.3593
2024-06-01 13:53:09,283 - INFO - Epoch [21/150], Loss: 6.3836
2024-06-01 13:53:11,112 - INFO - Epoch [22/150], Loss: 6.5229
2024-06-01 13:53:11,915 - INFO - Epoch [23/150], Loss: 7.1322
2024-06-01 13:53:12,319 - INFO - Epoch [24/150], Loss: 6.0875
2024-06-01 13:53:12,727 - INFO - Epoch [25/150], Loss: 6.1696
2024-06-01 13:53:13,132 - INFO - Epoch [26/150], Loss: 6.1205
2024-06-01 13:53:14,747 - INFO - Epoch [27/150], Loss: 5.8190
2024-06-01 13:53:16,249 - INFO - Epoch [28/150], Loss: 5.9331
2024-06-01 13:53:16,657 - INFO - Epoch [29/150], Loss: 5.8514
2024-06-01 13:53:17,063 - INFO - Epoch [30/150], Loss: 5.5050
2024-06-01 13:53:17,632 - INFO - Epoch [31/150], Loss: 5.8014
2024-06-01 13:53:19,403 - INFO - Epoch [32/150], Loss: 5.6659
2024-06-01 13:53:20,777 - INFO - Epoch [33/150], Loss: 5.4312
2024-06-01 13:53:22,032 - INFO - Epoch [34/150], Loss: 5.2523
2024-06-01 13:53:23,549 - INFO - Epoch [35/150], Loss: 5.3368
2024-06-01 13:53:25,233 - INFO - Epoch [36/150], Loss: 5.5322
2024-06-01 13:53:26,014 - INFO - Epoch [37/150], Loss: 6.9436
2024-06-01 13:53:26,419 - INFO - Epoch [38/150], Loss: 5.0164
2024-06-01 13:53:27,947 - INFO - Epoch [39/150], Loss: 4.8969
2024-06-01 13:53:29,485 - INFO - Epoch [40/150], Loss: 5.2828
2024-06-01 13:53:29,895 - INFO - Epoch [41/150], Loss: 4.7717
2024-06-01 13:53:30,302 - INFO - Epoch [42/150], Loss: 4.7190
2024-06-01 13:53:30,813 - INFO - Epoch [43/150], Loss: 4.8481
2024-06-01 13:53:32,730 - INFO - Epoch [44/150], Loss: 4.7469
2024-06-01 13:53:33,810 - INFO - Epoch [45/150], Loss: 4.8202
2024-06-01 13:53:34,217 - INFO - Epoch [46/150], Loss: 4.6972
2024-06-01 13:53:34,626 - INFO - Epoch [47/150], Loss: 4.3384
2024-06-01 13:53:35,038 - INFO - Epoch [48/150], Loss: 4.2248
2024-06-01 13:53:35,986 - INFO - Epoch [49/150], Loss: 4.7801
2024-06-01 13:53:36,997 - INFO - Epoch [50/150], Loss: 4.7388
2024-06-01 13:53:39,121 - INFO - Epoch [51/150], Loss: 5.3265
2024-06-01 13:53:39,609 - INFO - Epoch [52/150], Loss: 4.2819
2024-06-01 13:53:40,018 - INFO - Epoch [53/150], Loss: 4.1848
2024-06-01 13:53:40,429 - INFO - Epoch [54/150], Loss: 4.2668
2024-06-01 13:53:40,835 - INFO - Epoch [55/150], Loss: 4.2169
2024-06-01 13:53:41,251 - INFO - Epoch [56/150], Loss: 4.8765
2024-06-01 13:53:43,361 - INFO - Epoch [57/150], Loss: 4.0521
2024-06-01 13:53:44,691 - INFO - Epoch [58/150], Loss: 4.0779
2024-06-01 13:53:45,249 - INFO - Epoch [59/150], Loss: 3.9613
2024-06-01 13:53:45,654 - INFO - Epoch [60/150], Loss: 3.9351
2024-06-01 13:53:46,063 - INFO - Epoch [61/150], Loss: 3.8107
2024-06-01 13:53:47,063 - INFO - Epoch [62/150], Loss: 4.2260
2024-06-01 13:53:49,110 - INFO - Epoch [63/150], Loss: 3.8343
2024-06-01 13:53:49,898 - INFO - Epoch [64/150], Loss: 5.9163
2024-06-01 13:53:50,303 - INFO - Epoch [65/150], Loss: 3.6816
2024-06-01 13:53:50,713 - INFO - Epoch [66/150], Loss: 3.6815
2024-06-01 13:53:51,123 - INFO - Epoch [67/150], Loss: 3.7332
2024-06-01 13:53:51,632 - INFO - Epoch [68/150], Loss: 3.7024
2024-06-01 13:53:53,844 - INFO - Epoch [69/150], Loss: 3.6901
2024-06-01 13:53:54,481 - INFO - Epoch [70/150], Loss: 3.8967
2024-06-01 13:53:54,891 - INFO - Epoch [71/150], Loss: 3.5609
2024-06-01 13:53:55,305 - INFO - Epoch [72/150], Loss: 3.6126
2024-06-01 13:53:55,711 - INFO - Epoch [73/150], Loss: 3.5284
2024-06-01 13:53:56,120 - INFO - Epoch [74/150], Loss: 3.4667
2024-06-01 13:53:56,908 - INFO - Epoch [75/150], Loss: 5.7443
2024-06-01 13:53:59,004 - INFO - Epoch [76/150], Loss: 3.4953
2024-06-01 13:53:59,541 - INFO - Epoch [77/150], Loss: 3.4271
2024-06-01 13:53:59,949 - INFO - Epoch [78/150], Loss: 3.3801
2024-06-01 13:54:00,362 - INFO - Epoch [79/150], Loss: 3.4338
2024-06-01 13:54:01,132 - INFO - Epoch [80/150], Loss: 3.5454
2024-06-01 13:54:03,102 - INFO - Epoch [81/150], Loss: 3.4336
2024-06-01 13:54:04,507 - INFO - Epoch [82/150], Loss: 3.5968
2024-06-01 13:54:06,177 - INFO - Epoch [83/150], Loss: 3.2652
2024-06-01 13:54:07,432 - INFO - Epoch [84/150], Loss: 3.1868
2024-06-01 13:54:08,808 - INFO - Epoch [85/150], Loss: 3.5613
2024-06-01 13:54:09,221 - INFO - Epoch [86/150], Loss: 3.8146
2024-06-01 13:54:09,631 - INFO - Epoch [87/150], Loss: 3.1108
2024-06-01 13:54:10,041 - INFO - Epoch [88/150], Loss: 3.3226
2024-06-01 13:54:10,449 - INFO - Epoch [89/150], Loss: 3.2598
2024-06-01 13:54:10,856 - INFO - Epoch [90/150], Loss: 3.1313
2024-06-01 13:54:12,744 - INFO - Epoch [91/150], Loss: 3.5606
2024-06-01 13:54:13,782 - INFO - Epoch [92/150], Loss: 3.0692
2024-06-01 13:54:14,192 - INFO - Epoch [93/150], Loss: 3.1568
2024-06-01 13:54:14,607 - INFO - Epoch [94/150], Loss: 4.8830
2024-06-01 13:54:15,013 - INFO - Epoch [95/150], Loss: 2.9887
2024-06-01 13:54:15,421 - INFO - Epoch [96/150], Loss: 3.1406
2024-06-01 13:54:15,827 - INFO - Epoch [97/150], Loss: 2.9311
2024-06-01 13:54:16,545 - INFO - Epoch [98/150], Loss: 3.0881
2024-06-01 13:54:18,706 - INFO - Epoch [99/150], Loss: 3.0302
2024-06-01 13:54:19,242 - INFO - Epoch [100/150], Loss: 2.8037
2024-06-01 13:54:19,862 - INFO - Epoch [101/150], Loss: 2.9841
2024-06-01 13:54:20,729 - INFO - Epoch [102/150], Loss: 3.3341
2024-06-01 13:54:21,138 - INFO - Epoch [103/150], Loss: 2.8361
2024-06-01 13:54:22,246 - INFO - Epoch [104/150], Loss: 2.8642
2024-06-01 13:54:24,251 - INFO - Epoch [105/150], Loss: 2.8043
2024-06-01 13:54:24,694 - INFO - Epoch [106/150], Loss: 2.8310
2024-06-01 13:54:25,509 - INFO - Epoch [107/150], Loss: 3.4533
2024-06-01 13:54:26,976 - INFO - Epoch [108/150], Loss: 2.8343
2024-06-01 13:54:28,902 - INFO - Epoch [109/150], Loss: 2.7788
2024-06-01 13:54:29,974 - INFO - Epoch [110/150], Loss: 2.6972
2024-06-01 13:54:31,136 - INFO - Epoch [111/150], Loss: 3.3329
2024-06-01 13:54:32,868 - INFO - Epoch [112/150], Loss: 2.6757
2024-06-01 13:54:33,698 - INFO - Epoch [113/150], Loss: 2.7909
2024-06-01 13:54:34,105 - INFO - Epoch [114/150], Loss: 4.0244
2024-06-01 13:54:34,517 - INFO - Epoch [115/150], Loss: 2.5973
2024-06-01 13:54:36,238 - INFO - Epoch [116/150], Loss: 3.0014
2024-06-01 13:54:37,942 - INFO - Epoch [117/150], Loss: 2.8086
2024-06-01 13:54:39,072 - INFO - Epoch [118/150], Loss: 3.0126
2024-06-01 13:54:40,287 - INFO - Epoch [119/150], Loss: 2.6794
2024-06-01 13:54:42,086 - INFO - Epoch [120/150], Loss: 2.5817
2024-06-01 13:54:42,848 - INFO - Epoch [121/150], Loss: 2.5633
2024-06-01 13:54:44,187 - INFO - Epoch [122/150], Loss: 2.5330
2024-06-01 13:54:46,010 - INFO - Epoch [123/150], Loss: 2.9067
2024-06-01 13:54:47,060 - INFO - Epoch [124/150], Loss: 2.6148
2024-06-01 13:54:47,740 - INFO - Epoch [125/150], Loss: 2.4600
2024-06-01 13:54:49,540 - INFO - Epoch [126/150], Loss: 2.5061
2024-06-01 13:54:50,636 - INFO - Epoch [127/150], Loss: 2.7697
2024-06-01 13:54:51,047 - INFO - Epoch [128/150], Loss: 2.5650
2024-06-01 13:54:51,457 - INFO - Epoch [129/150], Loss: 2.4741
2024-06-01 13:54:52,029 - INFO - Epoch [130/150], Loss: 2.5199
2024-06-01 13:54:53,476 - INFO - Epoch [131/150], Loss: 2.6598
2024-06-01 13:54:55,358 - INFO - Epoch [132/150], Loss: 2.4414
2024-06-01 13:54:55,903 - INFO - Epoch [133/150], Loss: 2.3910
2024-06-01 13:54:56,315 - INFO - Epoch [134/150], Loss: 2.5802
2024-06-01 13:54:56,727 - INFO - Epoch [135/150], Loss: 2.3904
2024-06-01 13:54:57,135 - INFO - Epoch [136/150], Loss: 2.4512
2024-06-01 13:54:57,546 - INFO - Epoch [137/150], Loss: 2.4811
2024-06-01 13:54:58,867 - INFO - Epoch [138/150], Loss: 2.5085
2024-06-01 13:55:00,452 - INFO - Epoch [139/150], Loss: 2.4827
2024-06-01 13:55:00,861 - INFO - Epoch [140/150], Loss: 2.4855
2024-06-01 13:55:01,276 - INFO - Epoch [141/150], Loss: 2.8831
2024-06-01 13:55:01,685 - INFO - Epoch [142/150], Loss: 2.2942
2024-06-01 13:55:02,093 - INFO - Epoch [143/150], Loss: 2.3990
2024-06-01 13:55:03,378 - INFO - Epoch [144/150], Loss: 2.4522
2024-06-01 13:55:05,373 - INFO - Epoch [145/150], Loss: 2.3505
2024-06-01 13:55:06,100 - INFO - Epoch [146/150], Loss: 2.3664
2024-06-01 13:55:06,512 - INFO - Epoch [147/150], Loss: 2.3670
2024-06-01 13:55:06,923 - INFO - Epoch [148/150], Loss: 2.3736
2024-06-01 13:55:07,330 - INFO - Epoch [149/150], Loss: 2.9905
2024-06-01 13:55:07,739 - INFO - Epoch [150/150], Loss: 2.3280
2024-06-01 13:55:07,762 - INFO - Model saved to conv_autoencoder_epoch_150_50.pth
