2024-05-20 12:13:25,844 - INFO - Label distribution: Counter({9: 946, 4: 945, 5: 942, 7: 928, 3: 924, 0: 911, 8: 902, 2: 897, 1: 896, 6: 894})
2024-05-20 12:13:27,451 - INFO - Feature batch shape: torch.Size([16, 64, 641])
2024-05-20 12:13:27,451 - INFO - Labels batch shape: torch.Size([16])
2024-05-20 12:13:27,824 - INFO - Feature batch shape: torch.Size([16, 64, 641])
2024-05-20 12:13:27,824 - INFO - Labels batch shape: torch.Size([16])
2024-05-20 12:13:28,089 - INFO - Using device: cuda
2024-05-20 12:16:23,739 - INFO - Epoch [1/10], Train Loss: 1.6267, Train Accuracy: 41.17%
2024-05-20 12:17:01,736 - INFO - 	Validation Loss: 21.3862, Validation Accuracy: 49.05%
2024-05-20 12:20:05,481 - INFO - Epoch [2/10], Train Loss: 1.2831, Train Accuracy: 51.46%
2024-05-20 12:20:44,288 - INFO - 	Validation Loss: 32.4466, Validation Accuracy: 40.07%
2024-05-20 12:23:50,432 - INFO - Epoch [3/10], Train Loss: 1.0843, Train Accuracy: 59.08%
2024-05-20 12:24:35,089 - INFO - 	Validation Loss: 19.3949, Validation Accuracy: 56.78%
2024-05-20 12:27:39,828 - INFO - Epoch [4/10], Train Loss: 0.9666, Train Accuracy: 64.03%
2024-05-20 12:28:23,987 - INFO - 	Validation Loss: 15.3345, Validation Accuracy: 66.30%
2024-05-20 12:31:20,842 - INFO - Epoch [5/10], Train Loss: 0.8202, Train Accuracy: 69.72%
2024-05-20 12:32:06,610 - INFO - 	Validation Loss: 13.8488, Validation Accuracy: 69.24%
2024-05-20 12:34:53,686 - INFO - Epoch [6/10], Train Loss: 0.6868, Train Accuracy: 74.93%
2024-05-20 12:35:31,811 - INFO - 	Validation Loss: 12.4716, Validation Accuracy: 71.86%
2024-05-20 12:38:29,425 - INFO - Epoch [7/10], Train Loss: 0.5981, Train Accuracy: 78.38%
2024-05-20 12:39:07,459 - INFO - 	Validation Loss: 19.8468, Validation Accuracy: 61.40%
2024-05-20 12:41:58,035 - INFO - Epoch [8/10], Train Loss: 0.5035, Train Accuracy: 81.85%
2024-05-20 12:42:36,081 - INFO - 	Validation Loss: 10.9637, Validation Accuracy: 76.70%
2024-05-20 12:45:24,749 - INFO - Epoch [9/10], Train Loss: 0.4245, Train Accuracy: 85.36%
2024-05-20 12:46:02,492 - INFO - 	Validation Loss: 12.9904, Validation Accuracy: 70.77%
2024-05-20 12:48:49,708 - INFO - Epoch [10/10], Train Loss: 0.3486, Train Accuracy: 88.19%
2024-05-20 12:49:27,594 - INFO - 	Validation Loss: 8.7775, Validation Accuracy: 81.16%
2024-05-20 12:49:27,639 - INFO - Model saved to tau_2019_conv_10_16.pth
2024-05-20 12:49:27,639 - INFO - Training complete
2024-05-20 16:19:18,137 - INFO - Label distribution: Counter({9: 946, 4: 945, 5: 942, 7: 928, 3: 924, 0: 911, 8: 902, 2: 897, 1: 896, 6: 894})
2024-05-20 16:19:20,053 - INFO - Feature batch shape: torch.Size([16, 64, 641])
2024-05-20 16:19:20,054 - INFO - Labels batch shape: torch.Size([16])
2024-05-20 16:19:20,628 - INFO - Feature batch shape: torch.Size([16, 64, 641])
2024-05-20 16:19:20,629 - INFO - Labels batch shape: torch.Size([16])
2024-05-20 16:19:21,078 - INFO - Using device: cuda
2024-05-20 17:10:46,427 - INFO - Label distribution: Counter({9: 946, 4: 945, 5: 942, 7: 928, 3: 924, 0: 911, 8: 902, 2: 897, 1: 896, 6: 894})
2024-05-20 17:10:48,184 - INFO - Feature batch shape: torch.Size([16, 64, 641])
2024-05-20 17:10:48,185 - INFO - Labels batch shape: torch.Size([16])
2024-05-20 17:10:48,591 - INFO - Feature batch shape: torch.Size([16, 64, 641])
2024-05-20 17:10:48,592 - INFO - Labels batch shape: torch.Size([16])
2024-05-20 17:10:49,597 - INFO - Training start!!
2024-05-20 17:13:56,868 - INFO - Epoch [1/10], Train Loss: 1.6895, Train Accuracy: 38.68%
2024-05-20 17:14:38,151 - INFO - 	Validation Loss: 27.4502, Validation Accuracy: 39.74%
2024-05-20 17:17:48,360 - INFO - Epoch [2/10], Train Loss: 1.3430, Train Accuracy: 50.35%
2024-05-20 17:18:27,038 - INFO - 	Validation Loss: 30.9691, Validation Accuracy: 37.07%
2024-05-20 17:21:40,682 - INFO - Epoch [3/10], Train Loss: 1.1720, Train Accuracy: 55.77%
2024-05-20 17:22:18,307 - INFO - 	Validation Loss: 22.4718, Validation Accuracy: 48.50%
2024-05-20 17:25:28,102 - INFO - Epoch [4/10], Train Loss: 1.0111, Train Accuracy: 62.13%
2024-05-20 17:26:10,198 - INFO - 	Validation Loss: 16.2546, Validation Accuracy: 63.04%
2024-05-20 17:29:16,746 - INFO - Epoch [5/10], Train Loss: 0.8941, Train Accuracy: 67.61%
2024-05-20 17:29:56,388 - INFO - 	Validation Loss: 12.4992, Validation Accuracy: 70.93%
2024-05-20 17:32:58,329 - INFO - Epoch [6/10], Train Loss: 0.7628, Train Accuracy: 71.57%
2024-05-20 17:33:43,020 - INFO - 	Validation Loss: 21.3697, Validation Accuracy: 57.00%
2024-05-20 17:36:48,420 - INFO - Epoch [7/10], Train Loss: 0.6671, Train Accuracy: 75.73%
2024-05-20 17:37:27,415 - INFO - 	Validation Loss: 13.3499, Validation Accuracy: 68.86%
2024-05-20 17:40:45,046 - INFO - Epoch [8/10], Train Loss: 0.5595, Train Accuracy: 79.87%
2024-05-20 17:41:30,195 - INFO - 	Validation Loss: 10.7228, Validation Accuracy: 75.72%
2024-05-20 17:44:44,916 - INFO - Epoch [9/10], Train Loss: 0.4725, Train Accuracy: 83.41%
2024-05-20 17:45:27,687 - INFO - 	Validation Loss: 7.9558, Validation Accuracy: 81.76%
2024-05-20 17:48:34,168 - INFO - Epoch [10/10], Train Loss: 0.3976, Train Accuracy: 86.35%
2024-05-20 17:49:14,904 - INFO - 	Validation Loss: 9.0454, Validation Accuracy: 78.99%
2024-05-20 17:49:15,085 - INFO - Model saved to tau_2019_conv_10_16.pth
2024-05-20 17:49:15,086 - INFO - Training complete
2024-05-20 18:16:53,097 - INFO - Label distribution: Counter({9: 946, 4: 945, 5: 942, 7: 928, 3: 924, 0: 911, 8: 902, 2: 897, 1: 896, 6: 894})
2024-05-20 18:16:57,046 - INFO - Feature batch shape: torch.Size([16, 64, 641])
2024-05-20 18:16:57,047 - INFO - Labels batch shape: torch.Size([16])
2024-05-20 18:16:58,494 - INFO - Feature batch shape: torch.Size([16, 64, 641])
2024-05-20 18:16:58,495 - INFO - Labels batch shape: torch.Size([16])
2024-05-20 18:17:00,071 - INFO - Training start!!
2024-05-20 18:28:43,909 - INFO - Epoch [1/10], Train Loss: 1.6689, Train Accuracy: 39.14%
2024-05-20 18:31:33,883 - INFO - 	Validation Loss: 36.0043, Validation Accuracy: 32.55%
